<?xml version="1.0" encoding="UTF-8"?>
<testng-results ignored="0" total="10" passed="9" failed="1" skipped="0">
  <reporter-output>
  </reporter-output>
  <suite started-at="2023-07-23T20:36:20 IST" name="Suite" finished-at="2023-07-23T20:36:20 IST" duration-ms="146">
    <groups>
      <group name="smoke">
        <method signature="SecondTest.user2Login()[pri:0, instance:testng.test.SecondTest@1ba9117e]" name="user2Login" class="testng.test.SecondTest"/>
        <method signature="SecondTest.user2SignIn()[pri:0, instance:testng.test.SecondTest@1ba9117e]" name="user2SignIn" class="testng.test.SecondTest"/>
      </group> <!-- smoke -->
    </groups>
    <test started-at="2023-07-23T20:36:20 IST" name="Test" finished-at="2023-07-23T20:36:20 IST" duration-ms="146">
      <class name="testng.test.FirstTest">
        <test-method signature="user1SignIn()[pri:0, instance:testng.test.FirstTest@3a6bb9bf]" started-at="2023-07-23T20:36:20 IST" name="user1SignIn" finished-at="2023-07-23T20:36:20 IST" duration-ms="12" status="PASS">
          <reporter-output>
          </reporter-output>
        </test-method> <!-- user1SignIn -->
        <test-method signature="user1Login()[pri:0, instance:testng.test.FirstTest@3a6bb9bf]" started-at="2023-07-23T20:36:20 IST" name="user1Login" finished-at="2023-07-23T20:36:20 IST" depends-on-methods="testng.test.FirstTest.user1SignIn" duration-ms="2" status="PASS">
          <reporter-output>
          </reporter-output>
        </test-method> <!-- user1Login -->
      </class> <!-- testng.test.FirstTest -->
      <class name="testng.test.SecondTest">
        <test-method signature="user2Login()[pri:0, instance:testng.test.SecondTest@1ba9117e]" started-at="2023-07-23T20:36:20 IST" name="user2Login" finished-at="2023-07-23T20:36:20 IST" duration-ms="6" status="FAIL">
          <exception class="java.lang.AssertionError">
            <message>
              <![CDATA[expected [true] but found [false]]]>
            </message>
            <full-stacktrace>
              <![CDATA[java.lang.AssertionError: expected [true] but found [false]
at org.testng.Assert.fail(Assert.java:99)
at org.testng.Assert.failNotEquals(Assert.java:1037)
at org.testng.Assert.assertEqualsImpl(Assert.java:140)
at org.testng.Assert.assertEquals(Assert.java:122)
at org.testng.Assert.assertEquals(Assert.java:819)
at org.testng.Assert.assertEquals(Assert.java:829)
at testng.test.SecondTest.user2Login(SecondTest.java:18)
at java.base/jdk.internal.reflect.NativeMethodAccessorImpl.invoke0(Native Method)
at java.base/jdk.internal.reflect.NativeMethodAccessorImpl.invoke(NativeMethodAccessorImpl.java:77)
at java.base/jdk.internal.reflect.DelegatingMethodAccessorImpl.invoke(DelegatingMethodAccessorImpl.java:43)
at java.base/java.lang.reflect.Method.invoke(Method.java:568)
at org.testng.internal.MethodInvocationHelper.invokeMethod(MethodInvocationHelper.java:133)
at org.testng.internal.TestInvoker.invokeMethod(TestInvoker.java:598)
at org.testng.internal.TestInvoker.invokeTestMethod(TestInvoker.java:173)
at org.testng.internal.MethodRunner.runInSequence(MethodRunner.java:46)
at org.testng.internal.TestInvoker$MethodInvocationAgent.invoke(TestInvoker.java:824)
at org.testng.internal.TestInvoker.invokeTestMethods(TestInvoker.java:146)
at org.testng.internal.TestMethodWorker.invokeTestMethods(TestMethodWorker.java:146)
at org.testng.internal.TestMethodWorker.run(TestMethodWorker.java:128)
at java.base/java.util.ArrayList.forEach(ArrayList.java:1511)
at org.testng.TestRunner.privateRun(TestRunner.java:794)
at org.testng.TestRunner.run(TestRunner.java:596)
at org.testng.SuiteRunner.runTest(SuiteRunner.java:377)
at org.testng.SuiteRunner.runSequentially(SuiteRunner.java:371)
at org.testng.SuiteRunner.privateRun(SuiteRunner.java:332)
at org.testng.SuiteRunner.run(SuiteRunner.java:276)
at org.testng.SuiteRunnerWorker.runSuite(SuiteRunnerWorker.java:53)
at org.testng.SuiteRunnerWorker.run(SuiteRunnerWorker.java:96)
at org.testng.TestNG.runSuitesSequentially(TestNG.java:1212)
at org.testng.TestNG.runSuitesLocally(TestNG.java:1134)
at org.testng.TestNG.runSuites(TestNG.java:1063)
at org.testng.TestNG.run(TestNG.java:1031)
at org.testng.remote.AbstractRemoteTestNG.run(AbstractRemoteTestNG.java:115)
at org.testng.remote.RemoteTestNG.initAndRun(RemoteTestNG.java:251)
at org.testng.remote.RemoteTestNG.main(RemoteTestNG.java:77)
]]>
            </full-stacktrace>
          </exception> <!-- java.lang.AssertionError -->
          <reporter-output>
          </reporter-output>
        </test-method> <!-- user2Login -->
        <test-method signature="user2SignIn()[pri:0, instance:testng.test.SecondTest@1ba9117e]" started-at="2023-07-23T20:36:20 IST" name="user2SignIn" finished-at="2023-07-23T20:36:20 IST" duration-ms="2" status="PASS">
          <reporter-output>
          </reporter-output>
        </test-method> <!-- user2SignIn -->
      </class> <!-- testng.test.SecondTest -->
      <class name="testng.test.ThirdTest">
        <test-method signature="safeLogin()[pri:0, instance:testng.test.ThirdTest@732c2a62]" started-at="2023-07-23T20:36:20 IST" name="safeLogin" finished-at="2023-07-23T20:36:20 IST" duration-ms="2" status="PASS">
          <reporter-output>
          </reporter-output>
        </test-method> <!-- safeLogin -->
        <test-method signature="user3Login(java.lang.String)[pri:0, instance:testng.test.ThirdTest@732c2a62]" started-at="2023-07-23T20:36:20 IST" name="user3Login" finished-at="2023-07-23T20:36:20 IST" duration-ms="2" status="PASS">
          <params>
            <param index="0">
              <value>
                <![CDATA[value.comfor3rduser]]>
              </value>
            </param>
          </params>
          <reporter-output>
          </reporter-output>
        </test-method> <!-- user3Login -->
        <test-method signature="user3SignIn()[pri:0, instance:testng.test.ThirdTest@732c2a62]" started-at="2023-07-23T20:36:20 IST" name="user3SignIn" finished-at="2023-07-23T20:36:20 IST" duration-ms="1" status="PASS">
          <reporter-output>
          </reporter-output>
        </test-method> <!-- user3SignIn -->
      </class> <!-- testng.test.ThirdTest -->
      <class name="testng.test.FourthTest">
        <test-method signature="SignInForm(java.lang.String,java.lang.String)[pri:0, instance:testng.test.FourthTest@120f102b]" started-at="2023-07-23T20:36:20 IST" name="SignInForm" data-provider="getData" finished-at="2023-07-23T20:36:20 IST" duration-ms="2" status="PASS">
          <params>
            <param index="0">
              <value>
                <![CDATA[Joseph]]>
              </value>
            </param>
            <param index="1">
              <value>
                <![CDATA[Leyman]]>
              </value>
            </param>
          </params>
          <reporter-output>
          </reporter-output>
        </test-method> <!-- SignInForm -->
        <test-method signature="SignInForm(java.lang.String,java.lang.String)[pri:0, instance:testng.test.FourthTest@120f102b]" started-at="2023-07-23T20:36:20 IST" name="SignInForm" data-provider="getData" finished-at="2023-07-23T20:36:20 IST" duration-ms="2" status="PASS">
          <params>
            <param index="0">
              <value>
                <![CDATA[Steve]]>
              </value>
            </param>
            <param index="1">
              <value>
                <![CDATA[smith]]>
              </value>
            </param>
          </params>
          <reporter-output>
          </reporter-output>
        </test-method> <!-- SignInForm -->
        <test-method signature="SignInForm(java.lang.String,java.lang.String)[pri:0, instance:testng.test.FourthTest@120f102b]" started-at="2023-07-23T20:36:20 IST" name="SignInForm" data-provider="getData" finished-at="2023-07-23T20:36:20 IST" duration-ms="2" status="PASS">
          <params>
            <param index="0">
              <value>
                <![CDATA[Carlson]]>
              </value>
            </param>
            <param index="1">
              <value>
                <![CDATA[Lome]]>
              </value>
            </param>
          </params>
          <reporter-output>
          </reporter-output>
        </test-method> <!-- SignInForm -->
      </class> <!-- testng.test.FourthTest -->
    </test> <!-- Test -->
  </suite> <!-- Suite -->
</testng-results>
